<?xml version="1.0" encoding="UTF-8"?>
<!-- Generated by org.testng.reporters.JUnitXMLReporter -->
<testsuite ignored="0" hostname="DESKTOP-4S95062" failures="0" tests="5" name="Default test" time="3.956" errors="0" timestamp="2021-10-22T14:58:18 IST">
  <testcase classname="com.RestAssured_Project_TestCases.TC_002_POST" name="check_POSTDetails" time="0.836"/>
  <testcase classname="com.RestAssured_Project_TestCases.TC_002_POST" name="check_responseBody" time="0.005"/>
  <testcase classname="com.RestAssured_Project_TestCases.TC_002_POST" name="check_responsetime" time="0.004"/>
  <testcase classname="com.RestAssured_Project_TestCases.TC_002_POST" name="check_statusLINE" time="0.002"/>
  <testcase classname="com.RestAssured_Project_TestCases.TC_002_POST" name="check_statuscode" time="0.003"/>
</testsuite> <!-- Default test -->
