<?xml version="1.0" encoding="UTF-8"?>
<testsuite xmlns:xsi="http://www.w3.org/2001/XMLSchema-instance" xsi:noNamespaceSchemaLocation="https://maven.apache.org/surefire/maven-surefire-plugin/xsd/surefire-test-report.xsd" name="TestSuite" time="10.813" tests="27" errors="0" skipped="0" failures="0">
  <properties>
[...]
</properties>
  <testcase name="check_Contenttype" classname="com.RestAssured_Project_TestCases.TC_001_GET" time="0.007"/>
  <testcase name="check_contentEncoding" classname="com.RestAssured_Project_TestCases.TC_001_GET" time="0.003"/>
  <testcase name="check_responseBody" classname="com.RestAssured_Project_TestCases.TC_001_GET" time="0.038"/>
  <testcase name="check_responsetime" classname="com.RestAssured_Project_TestCases.TC_001_GET" time="0.001"/>
  <testcase name="check_server" classname="com.RestAssured_Project_TestCases.TC_001_GET" time="0.007"/>
  <testcase name="check_statusLINE" classname="com.RestAssured_Project_TestCases.TC_001_GET" time="0.002"/>
  <testcase name="check_statuscode" classname="com.RestAssured_Project_TestCases.TC_001_GET" time="0.001"/>
  <testcase name="check_POSTDetails" classname="com.RestAssured_Project_TestCases.TC_002_POST" time="0.854"/>
  <testcase name="check_responseBody" classname="com.RestAssured_Project_TestCases.TC_002_POST" time="0.004"/>
  <testcase name="check_responsetime" classname="com.RestAssured_Project_TestCases.TC_002_POST" time="0.002"/>
  <testcase name="check_statusLINE" classname="com.RestAssured_Project_TestCases.TC_002_POST" time="0.004"/>
  <testcase name="check_statuscode" classname="com.RestAssured_Project_TestCases.TC_002_POST" time="0.003"/>
  <testcase name="test_POST_DDT" classname="com.RestAssured_Project_TestCases.TC_003_POST_DDT" time="0.476"/>
  <testcase name="test_POST_DDT" classname="com.RestAssured_Project_TestCases.TC_003_POST_DDT" time="0.522"/>
  <testcase name="test_POST_DDT" classname="com.RestAssured_Project_TestCases.TC_003_POST_DDT" time="0.513"/>
  <testcase name="test_POST_DDT" classname="com.RestAssured_Project_TestCases.TC_003_POST_DDT" time="0.54"/>
  <testcase name="test_POST_DDT" classname="com.RestAssured_Project_TestCases.TC_003_POST_DDT" time="0.503"/>
  <testcase name="check_Contenttype" classname="com.RestAssured_Project_TestCases.TC_004_PUT" time="0.002"/>
  <testcase name="check_POSTDetails" classname="com.RestAssured_Project_TestCases.TC_004_PUT" time="0.138"/>
  <testcase name="check_responseBody" classname="com.RestAssured_Project_TestCases.TC_004_PUT" time="0.002"/>
  <testcase name="check_responsetime" classname="com.RestAssured_Project_TestCases.TC_004_PUT" time="0.001"/>
  <testcase name="check_statusLINE" classname="com.RestAssured_Project_TestCases.TC_004_PUT" time="0.001"/>
  <testcase name="check_statuscode" classname="com.RestAssured_Project_TestCases.TC_004_PUT" time="0.001"/>
  <testcase name="check_responseBody" classname="com.RestAssured_Project_TestCases.TC_005_DELETE" time="0.005"/>
  <testcase name="check_responsetime" classname="com.RestAssured_Project_TestCases.TC_005_DELETE" time="0.019"/>
  <testcase name="check_statusLINE" classname="com.RestAssured_Project_TestCases.TC_005_DELETE" time="0.003"/>
  <testcase name="check_statuscode" classname="com.RestAssured_Project_TestCases.TC_005_DELETE" time="0.001"/>
</testsuite>