<?xml version="1.0" encoding="UTF-8"?>
<testng-results ignored="0" total="27" passed="27" failed="0" skipped="0">
  <reporter-output>
  </reporter-output>
  <suite started-at="2021-10-22T16:21:16 IST" name="RESTAPI_TESTING" finished-at="2021-10-22T16:21:26 IST" duration-ms="9674">
    <groups>
    </groups>
    <test started-at="2021-10-22T16:21:16 IST" name="HTTP-METHODS" finished-at="2021-10-22T16:21:26 IST" duration-ms="9674">
      <class name="com.RestAssured_Project_TestCases.TC_004_PUT">
        <test-method is-config="true" signature="setup()[pri:0, instance:com.RestAssured_Project_TestCases.TC_004_PUT@3c22fc4c]" started-at="2021-10-22T16:21:24 IST" name="setup" finished-at="2021-10-22T16:21:24 IST" duration-ms="5" status="PASS">
          <reporter-output>
          </reporter-output>
        </test-method> <!-- setup -->
        <test-method is-config="true" signature="test_Setup()[pri:0, instance:com.RestAssured_Project_TestCases.TC_004_PUT@3c22fc4c]" started-at="2021-10-22T16:21:24 IST" name="test_Setup" finished-at="2021-10-22T16:21:25 IST" duration-ms="474" status="PASS">
          <reporter-output>
          </reporter-output>
        </test-method> <!-- test_Setup -->
        <test-method signature="check_Contenttype()[pri:0, instance:com.RestAssured_Project_TestCases.TC_004_PUT@3c22fc4c]" started-at="2021-10-22T16:21:25 IST" name="check_Contenttype" finished-at="2021-10-22T16:21:25 IST" duration-ms="2" status="PASS">
          <reporter-output>
          </reporter-output>
        </test-method> <!-- check_Contenttype -->
        <test-method signature="check_POSTDetails()[pri:0, instance:com.RestAssured_Project_TestCases.TC_004_PUT@3c22fc4c]" started-at="2021-10-22T16:21:25 IST" name="check_POSTDetails" finished-at="2021-10-22T16:21:25 IST" duration-ms="137" status="PASS">
          <reporter-output>
          </reporter-output>
        </test-method> <!-- check_POSTDetails -->
        <test-method signature="check_responseBody()[pri:0, instance:com.RestAssured_Project_TestCases.TC_004_PUT@3c22fc4c]" started-at="2021-10-22T16:21:25 IST" name="check_responseBody" finished-at="2021-10-22T16:21:25 IST" duration-ms="1" status="PASS">
          <reporter-output>
          </reporter-output>
        </test-method> <!-- check_responseBody -->
        <test-method signature="check_responsetime()[pri:0, instance:com.RestAssured_Project_TestCases.TC_004_PUT@3c22fc4c]" started-at="2021-10-22T16:21:25 IST" name="check_responsetime" finished-at="2021-10-22T16:21:25 IST" duration-ms="1" status="PASS">
          <reporter-output>
          </reporter-output>
        </test-method> <!-- check_responsetime -->
        <test-method signature="check_statusLINE()[pri:0, instance:com.RestAssured_Project_TestCases.TC_004_PUT@3c22fc4c]" started-at="2021-10-22T16:21:25 IST" name="check_statusLINE" finished-at="2021-10-22T16:21:25 IST" duration-ms="0" status="PASS">
          <reporter-output>
          </reporter-output>
        </test-method> <!-- check_statusLINE -->
        <test-method signature="check_statuscode()[pri:0, instance:com.RestAssured_Project_TestCases.TC_004_PUT@3c22fc4c]" started-at="2021-10-22T16:21:25 IST" name="check_statuscode" finished-at="2021-10-22T16:21:25 IST" duration-ms="1" status="PASS">
          <reporter-output>
          </reporter-output>
        </test-method> <!-- check_statuscode -->
        <test-method is-config="true" signature="teardown()[pri:0, instance:com.RestAssured_Project_TestCases.TC_004_PUT@3c22fc4c]" started-at="2021-10-22T16:21:25 IST" name="teardown" finished-at="2021-10-22T16:21:25 IST" duration-ms="1" status="PASS">
          <reporter-output>
          </reporter-output>
        </test-method> <!-- teardown -->
      </class> <!-- com.RestAssured_Project_TestCases.TC_004_PUT -->
      <class name="com.RestAssured_Project_TestCases.TC_005_DELETE">
        <test-method is-config="true" signature="setup()[pri:0, instance:com.RestAssured_Project_TestCases.TC_005_DELETE@47d90b9e]" started-at="2021-10-22T16:21:25 IST" name="setup" finished-at="2021-10-22T16:21:25 IST" duration-ms="4" status="PASS">
          <reporter-output>
          </reporter-output>
        </test-method> <!-- setup -->
        <test-method is-config="true" signature="test_DELETE()[pri:0, instance:com.RestAssured_Project_TestCases.TC_005_DELETE@47d90b9e]" started-at="2021-10-22T16:21:25 IST" name="test_DELETE" finished-at="2021-10-22T16:21:26 IST" duration-ms="508" status="PASS">
          <reporter-output>
          </reporter-output>
        </test-method> <!-- test_DELETE -->
        <test-method signature="check_responseBody()[pri:0, instance:com.RestAssured_Project_TestCases.TC_005_DELETE@47d90b9e]" started-at="2021-10-22T16:21:26 IST" name="check_responseBody" finished-at="2021-10-22T16:21:26 IST" duration-ms="3" status="PASS">
          <reporter-output>
          </reporter-output>
        </test-method> <!-- check_responseBody -->
        <test-method signature="check_responsetime()[pri:0, instance:com.RestAssured_Project_TestCases.TC_005_DELETE@47d90b9e]" started-at="2021-10-22T16:21:26 IST" name="check_responsetime" finished-at="2021-10-22T16:21:26 IST" duration-ms="2" status="PASS">
          <reporter-output>
          </reporter-output>
        </test-method> <!-- check_responsetime -->
        <test-method signature="check_statusLINE()[pri:0, instance:com.RestAssured_Project_TestCases.TC_005_DELETE@47d90b9e]" started-at="2021-10-22T16:21:26 IST" name="check_statusLINE" finished-at="2021-10-22T16:21:26 IST" duration-ms="1" status="PASS">
          <reporter-output>
          </reporter-output>
        </test-method> <!-- check_statusLINE -->
        <test-method signature="check_statuscode()[pri:0, instance:com.RestAssured_Project_TestCases.TC_005_DELETE@47d90b9e]" started-at="2021-10-22T16:21:26 IST" name="check_statuscode" finished-at="2021-10-22T16:21:26 IST" duration-ms="1" status="PASS">
          <reporter-output>
          </reporter-output>
        </test-method> <!-- check_statuscode -->
        <test-method is-config="true" signature="teardown()[pri:0, instance:com.RestAssured_Project_TestCases.TC_005_DELETE@47d90b9e]" started-at="2021-10-22T16:21:26 IST" name="teardown" finished-at="2021-10-22T16:21:26 IST" duration-ms="1" status="PASS">
          <reporter-output>
          </reporter-output>
        </test-method> <!-- teardown -->
      </class> <!-- com.RestAssured_Project_TestCases.TC_005_DELETE -->
      <class name="com.RestAssured_Project_TestCases.TC_003_POST_DDT">
        <test-method is-config="true" signature="setup()[pri:0, instance:com.RestAssured_Project_TestCases.TC_003_POST_DDT@3eb7fc54]" started-at="2021-10-22T16:21:20 IST" name="setup" finished-at="2021-10-22T16:21:20 IST" duration-ms="6" status="PASS">
          <reporter-output>
          </reporter-output>
        </test-method> <!-- setup -->
        <test-method signature="test_POST_DDT(java.lang.String,java.lang.String,java.lang.String)[pri:0, instance:com.RestAssured_Project_TestCases.TC_003_POST_DDT@3eb7fc54]" started-at="2021-10-22T16:21:22 IST" name="test_POST_DDT" data-provider="biodata" finished-at="2021-10-22T16:21:22 IST" duration-ms="473" status="PASS">
          <params>
            <param index="0">
              <value>
                <![CDATA[vicky]]>
              </value>
            </param>
            <param index="1">
              <value>
                <![CDATA[raj]]>
              </value>
            </param>
            <param index="2">
              <value>
                <![CDATA[tester]]>
              </value>
            </param>
          </params>
          <reporter-output>
          </reporter-output>
        </test-method> <!-- test_POST_DDT -->
        <test-method signature="test_POST_DDT(java.lang.String,java.lang.String,java.lang.String)[pri:0, instance:com.RestAssured_Project_TestCases.TC_003_POST_DDT@3eb7fc54]" started-at="2021-10-22T16:21:22 IST" name="test_POST_DDT" data-provider="biodata" finished-at="2021-10-22T16:21:23 IST" duration-ms="522" status="PASS">
          <params>
            <param index="0">
              <value>
                <![CDATA[joseph]]>
              </value>
            </param>
            <param index="1">
              <value>
                <![CDATA[vijay]]>
              </value>
            </param>
            <param index="2">
              <value>
                <![CDATA[software]]>
              </value>
            </param>
          </params>
          <reporter-output>
          </reporter-output>
        </test-method> <!-- test_POST_DDT -->
        <test-method signature="test_POST_DDT(java.lang.String,java.lang.String,java.lang.String)[pri:0, instance:com.RestAssured_Project_TestCases.TC_003_POST_DDT@3eb7fc54]" started-at="2021-10-22T16:21:23 IST" name="test_POST_DDT" data-provider="biodata" finished-at="2021-10-22T16:21:23 IST" duration-ms="512" status="PASS">
          <params>
            <param index="0">
              <value>
                <![CDATA[suba]]>
              </value>
            </param>
            <param index="1">
              <value>
                <![CDATA[ragavi]]>
              </value>
            </param>
            <param index="2">
              <value>
                <![CDATA[designer]]>
              </value>
            </param>
          </params>
          <reporter-output>
          </reporter-output>
        </test-method> <!-- test_POST_DDT -->
        <test-method signature="test_POST_DDT(java.lang.String,java.lang.String,java.lang.String)[pri:0, instance:com.RestAssured_Project_TestCases.TC_003_POST_DDT@3eb7fc54]" started-at="2021-10-22T16:21:23 IST" name="test_POST_DDT" data-provider="biodata" finished-at="2021-10-22T16:21:24 IST" duration-ms="540" status="PASS">
          <params>
            <param index="0">
              <value>
                <![CDATA[sam]]>
              </value>
            </param>
            <param index="1">
              <value>
                <![CDATA[mithra]]>
              </value>
            </param>
            <param index="2">
              <value>
                <![CDATA[actor]]>
              </value>
            </param>
          </params>
          <reporter-output>
          </reporter-output>
        </test-method> <!-- test_POST_DDT -->
        <test-method signature="test_POST_DDT(java.lang.String,java.lang.String,java.lang.String)[pri:0, instance:com.RestAssured_Project_TestCases.TC_003_POST_DDT@3eb7fc54]" started-at="2021-10-22T16:21:24 IST" name="test_POST_DDT" data-provider="biodata" finished-at="2021-10-22T16:21:24 IST" duration-ms="507" status="PASS">
          <params>
            <param index="0">
              <value>
                <![CDATA[jeya]]>
              </value>
            </param>
            <param index="1">
              <value>
                <![CDATA[shanthi]]>
              </value>
            </param>
            <param index="2">
              <value>
                <![CDATA[analyst]]>
              </value>
            </param>
          </params>
          <reporter-output>
          </reporter-output>
        </test-method> <!-- test_POST_DDT -->
        <test-method is-config="true" signature="teardown()[pri:0, instance:com.RestAssured_Project_TestCases.TC_003_POST_DDT@3eb7fc54]" started-at="2021-10-22T16:21:24 IST" name="teardown" finished-at="2021-10-22T16:21:24 IST" duration-ms="0" status="PASS">
          <reporter-output>
          </reporter-output>
        </test-method> <!-- teardown -->
      </class> <!-- com.RestAssured_Project_TestCases.TC_003_POST_DDT -->
      <class name="com.RestAssured_Project_TestCases.TC_001_GET">
        <test-method is-config="true" signature="setup()[pri:0, instance:com.RestAssured_Project_TestCases.TC_001_GET@3cc2931c]" started-at="2021-10-22T16:21:16 IST" name="setup" finished-at="2021-10-22T16:21:16 IST" duration-ms="76" status="PASS">
          <reporter-output>
          </reporter-output>
        </test-method> <!-- setup -->
        <test-method is-config="true" signature="test_Setup()[pri:0, instance:com.RestAssured_Project_TestCases.TC_001_GET@3cc2931c]" started-at="2021-10-22T16:21:16 IST" name="test_Setup" finished-at="2021-10-22T16:21:19 IST" duration-ms="2436" status="PASS">
          <reporter-output>
          </reporter-output>
        </test-method> <!-- test_Setup -->
        <test-method signature="check_Contenttype()[pri:0, instance:com.RestAssured_Project_TestCases.TC_001_GET@3cc2931c]" started-at="2021-10-22T16:21:19 IST" name="check_Contenttype" finished-at="2021-10-22T16:21:19 IST" duration-ms="3" status="PASS">
          <reporter-output>
          </reporter-output>
        </test-method> <!-- check_Contenttype -->
        <test-method signature="check_contentEncoding()[pri:0, instance:com.RestAssured_Project_TestCases.TC_001_GET@3cc2931c]" started-at="2021-10-22T16:21:19 IST" name="check_contentEncoding" finished-at="2021-10-22T16:21:19 IST" duration-ms="1" status="PASS">
          <reporter-output>
          </reporter-output>
        </test-method> <!-- check_contentEncoding -->
        <test-method signature="check_responseBody()[pri:0, instance:com.RestAssured_Project_TestCases.TC_001_GET@3cc2931c]" started-at="2021-10-22T16:21:19 IST" name="check_responseBody" finished-at="2021-10-22T16:21:19 IST" duration-ms="32" status="PASS">
          <reporter-output>
          </reporter-output>
        </test-method> <!-- check_responseBody -->
        <test-method signature="check_responsetime()[pri:0, instance:com.RestAssured_Project_TestCases.TC_001_GET@3cc2931c]" started-at="2021-10-22T16:21:19 IST" name="check_responsetime" finished-at="2021-10-22T16:21:19 IST" duration-ms="1" status="PASS">
          <reporter-output>
          </reporter-output>
        </test-method> <!-- check_responsetime -->
        <test-method signature="check_server()[pri:0, instance:com.RestAssured_Project_TestCases.TC_001_GET@3cc2931c]" started-at="2021-10-22T16:21:19 IST" name="check_server" finished-at="2021-10-22T16:21:19 IST" duration-ms="3" status="PASS">
          <reporter-output>
          </reporter-output>
        </test-method> <!-- check_server -->
        <test-method signature="check_statusLINE()[pri:0, instance:com.RestAssured_Project_TestCases.TC_001_GET@3cc2931c]" started-at="2021-10-22T16:21:19 IST" name="check_statusLINE" finished-at="2021-10-22T16:21:19 IST" duration-ms="5" status="PASS">
          <reporter-output>
          </reporter-output>
        </test-method> <!-- check_statusLINE -->
        <test-method signature="check_statuscode()[pri:0, instance:com.RestAssured_Project_TestCases.TC_001_GET@3cc2931c]" started-at="2021-10-22T16:21:19 IST" name="check_statuscode" finished-at="2021-10-22T16:21:19 IST" duration-ms="1" status="PASS">
          <reporter-output>
          </reporter-output>
        </test-method> <!-- check_statuscode -->
        <test-method is-config="true" signature="teardown()[pri:0, instance:com.RestAssured_Project_TestCases.TC_001_GET@3cc2931c]" started-at="2021-10-22T16:21:19 IST" name="teardown" finished-at="2021-10-22T16:21:19 IST" duration-ms="4" status="PASS">
          <reporter-output>
          </reporter-output>
        </test-method> <!-- teardown -->
      </class> <!-- com.RestAssured_Project_TestCases.TC_001_GET -->
      <class name="com.RestAssured_Project_TestCases.TC_002_POST">
        <test-method is-config="true" signature="setup()[pri:0, instance:com.RestAssured_Project_TestCases.TC_002_POST@79b06cab]" started-at="2021-10-22T16:21:19 IST" name="setup" finished-at="2021-10-22T16:21:19 IST" duration-ms="6" status="PASS">
          <reporter-output>
          </reporter-output>
        </test-method> <!-- setup -->
        <test-method is-config="true" signature="test_Setup()[pri:0, instance:com.RestAssured_Project_TestCases.TC_002_POST@79b06cab]" started-at="2021-10-22T16:21:19 IST" name="test_Setup" finished-at="2021-10-22T16:21:20 IST" duration-ms="796" status="PASS">
          <reporter-output>
          </reporter-output>
        </test-method> <!-- test_Setup -->
        <test-method signature="check_POSTDetails()[pri:0, instance:com.RestAssured_Project_TestCases.TC_002_POST@79b06cab]" started-at="2021-10-22T16:21:20 IST" name="check_POSTDetails" finished-at="2021-10-22T16:21:20 IST" duration-ms="854" status="PASS">
          <reporter-output>
          </reporter-output>
        </test-method> <!-- check_POSTDetails -->
        <test-method signature="check_responseBody()[pri:0, instance:com.RestAssured_Project_TestCases.TC_002_POST@79b06cab]" started-at="2021-10-22T16:21:20 IST" name="check_responseBody" finished-at="2021-10-22T16:21:20 IST" duration-ms="3" status="PASS">
          <reporter-output>
          </reporter-output>
        </test-method> <!-- check_responseBody -->
        <test-method signature="check_responsetime()[pri:0, instance:com.RestAssured_Project_TestCases.TC_002_POST@79b06cab]" started-at="2021-10-22T16:21:20 IST" name="check_responsetime" finished-at="2021-10-22T16:21:20 IST" duration-ms="2" status="PASS">
          <reporter-output>
          </reporter-output>
        </test-method> <!-- check_responsetime -->
        <test-method signature="check_statusLINE()[pri:0, instance:com.RestAssured_Project_TestCases.TC_002_POST@79b06cab]" started-at="2021-10-22T16:21:20 IST" name="check_statusLINE" finished-at="2021-10-22T16:21:20 IST" duration-ms="2" status="PASS">
          <reporter-output>
          </reporter-output>
        </test-method> <!-- check_statusLINE -->
        <test-method signature="check_statuscode()[pri:0, instance:com.RestAssured_Project_TestCases.TC_002_POST@79b06cab]" started-at="2021-10-22T16:21:20 IST" name="check_statuscode" finished-at="2021-10-22T16:21:20 IST" duration-ms="1" status="PASS">
          <reporter-output>
          </reporter-output>
        </test-method> <!-- check_statuscode -->
        <test-method is-config="true" signature="teardown()[pri:0, instance:com.RestAssured_Project_TestCases.TC_002_POST@79b06cab]" started-at="2021-10-22T16:21:20 IST" name="teardown" finished-at="2021-10-22T16:21:20 IST" duration-ms="3" status="PASS">
          <reporter-output>
          </reporter-output>
        </test-method> <!-- teardown -->
      </class> <!-- com.RestAssured_Project_TestCases.TC_002_POST -->
    </test> <!-- HTTP-METHODS -->
  </suite> <!-- RESTAPI_TESTING -->
</testng-results>
