<?xml version="1.0" encoding="UTF-8"?>
<!-- Generated by org.testng.reporters.JUnitXMLReporter -->
<testsuite ignored="0" hostname="DESKTOP-4S95062" failures="0" tests="27" name="HTTP-METHODS" time="9.199" errors="0" timestamp="2021-10-22T15:23:35 IST">
  <testcase classname="com.RestAssured_Project_TestCases.TC_001_GET" name="check_Contenttype" time="0.01"/>
  <testcase classname="com.RestAssured_Project_TestCases.TC_001_GET" name="check_contentEncoding" time="0.002"/>
  <testcase classname="com.RestAssured_Project_TestCases.TC_001_GET" name="check_responseBody" time="0.033"/>
  <testcase classname="com.RestAssured_Project_TestCases.TC_001_GET" name="check_responsetime" time="0.003"/>
  <testcase classname="com.RestAssured_Project_TestCases.TC_001_GET" name="check_server" time="0.002"/>
  <testcase classname="com.RestAssured_Project_TestCases.TC_001_GET" name="check_statusLINE" time="0.002"/>
  <testcase classname="com.RestAssured_Project_TestCases.TC_001_GET" name="check_statuscode" time="0.002"/>
  <testcase classname="com.RestAssured_Project_TestCases.TC_002_POST" name="check_POSTDetails" time="0.864"/>
  <testcase classname="com.RestAssured_Project_TestCases.TC_002_POST" name="check_responseBody" time="0.003"/>
  <testcase classname="com.RestAssured_Project_TestCases.TC_002_POST" name="check_responsetime" time="0.004"/>
  <testcase classname="com.RestAssured_Project_TestCases.TC_002_POST" name="check_statusLINE" time="0.004"/>
  <testcase classname="com.RestAssured_Project_TestCases.TC_002_POST" name="check_statuscode" time="0.005"/>
  <testcase classname="com.RestAssured_Project_TestCases.TC_003_POST_DDT" name="test_POST_DDT" time="0.723"/>
  <testcase classname="com.RestAssured_Project_TestCases.TC_003_POST_DDT" name="test_POST_DDT" time="0.503"/>
  <testcase classname="com.RestAssured_Project_TestCases.TC_003_POST_DDT" name="test_POST_DDT" time="0.538"/>
  <testcase classname="com.RestAssured_Project_TestCases.TC_003_POST_DDT" name="test_POST_DDT" time="0.464"/>
  <testcase classname="com.RestAssured_Project_TestCases.TC_003_POST_DDT" name="test_POST_DDT" time="0.447"/>
  <testcase classname="com.RestAssured_Project_TestCases.TC_004_PUT" name="check_Contenttype" time="0.003"/>
  <testcase classname="com.RestAssured_Project_TestCases.TC_004_PUT" name="check_POSTDetails" time="0.062"/>
  <testcase classname="com.RestAssured_Project_TestCases.TC_004_PUT" name="check_responseBody" time="0.002"/>
  <testcase classname="com.RestAssured_Project_TestCases.TC_004_PUT" name="check_responsetime" time="0.004"/>
  <testcase classname="com.RestAssured_Project_TestCases.TC_004_PUT" name="check_statusLINE" time="0.001"/>
  <testcase classname="com.RestAssured_Project_TestCases.TC_004_PUT" name="check_statuscode" time="0.001"/>
  <testcase classname="com.RestAssured_Project_TestCases.TC_005_DELETE" name="check_responseBody" time="0.007"/>
  <testcase classname="com.RestAssured_Project_TestCases.TC_005_DELETE" name="check_responsetime" time="0.005"/>
  <testcase classname="com.RestAssured_Project_TestCases.TC_005_DELETE" name="check_statusLINE" time="0.003"/>
  <testcase classname="com.RestAssured_Project_TestCases.TC_005_DELETE" name="check_statuscode" time="0.003"/>
</testsuite> <!-- HTTP-METHODS -->
