<?xml version="1.0" encoding="UTF-8"?>
<!-- Generated by org.testng.reporters.JUnitXMLReporter -->
<testsuite ignored="0" hostname="DESKTOP-4S95062" failures="0" tests="27" name="HTTP-METHODS" time="9.674" errors="0" timestamp="2021-10-22T16:21:26 IST">
  <testcase classname="com.RestAssured_Project_TestCases.TC_001_GET" name="check_Contenttype" time="0.003"/>
  <testcase classname="com.RestAssured_Project_TestCases.TC_001_GET" name="check_contentEncoding" time="0.001"/>
  <testcase classname="com.RestAssured_Project_TestCases.TC_001_GET" name="check_responseBody" time="0.032"/>
  <testcase classname="com.RestAssured_Project_TestCases.TC_001_GET" name="check_responsetime" time="0.001"/>
  <testcase classname="com.RestAssured_Project_TestCases.TC_001_GET" name="check_server" time="0.003"/>
  <testcase classname="com.RestAssured_Project_TestCases.TC_001_GET" name="check_statusLINE" time="0.005"/>
  <testcase classname="com.RestAssured_Project_TestCases.TC_001_GET" name="check_statuscode" time="0.001"/>
  <testcase classname="com.RestAssured_Project_TestCases.TC_002_POST" name="check_POSTDetails" time="0.854"/>
  <testcase classname="com.RestAssured_Project_TestCases.TC_002_POST" name="check_responseBody" time="0.003"/>
  <testcase classname="com.RestAssured_Project_TestCases.TC_002_POST" name="check_responsetime" time="0.002"/>
  <testcase classname="com.RestAssured_Project_TestCases.TC_002_POST" name="check_statusLINE" time="0.002"/>
  <testcase classname="com.RestAssured_Project_TestCases.TC_002_POST" name="check_statuscode" time="0.001"/>
  <testcase classname="com.RestAssured_Project_TestCases.TC_003_POST_DDT" name="test_POST_DDT" time="0.473"/>
  <testcase classname="com.RestAssured_Project_TestCases.TC_003_POST_DDT" name="test_POST_DDT" time="0.522"/>
  <testcase classname="com.RestAssured_Project_TestCases.TC_003_POST_DDT" name="test_POST_DDT" time="0.512"/>
  <testcase classname="com.RestAssured_Project_TestCases.TC_003_POST_DDT" name="test_POST_DDT" time="0.54"/>
  <testcase classname="com.RestAssured_Project_TestCases.TC_003_POST_DDT" name="test_POST_DDT" time="0.507"/>
  <testcase classname="com.RestAssured_Project_TestCases.TC_004_PUT" name="check_Contenttype" time="0.002"/>
  <testcase classname="com.RestAssured_Project_TestCases.TC_004_PUT" name="check_POSTDetails" time="0.137"/>
  <testcase classname="com.RestAssured_Project_TestCases.TC_004_PUT" name="check_responseBody" time="0.001"/>
  <testcase classname="com.RestAssured_Project_TestCases.TC_004_PUT" name="check_responsetime" time="0.001"/>
  <testcase classname="com.RestAssured_Project_TestCases.TC_004_PUT" name="check_statusLINE" time="0.0"/>
  <testcase classname="com.RestAssured_Project_TestCases.TC_004_PUT" name="check_statuscode" time="0.001"/>
  <testcase classname="com.RestAssured_Project_TestCases.TC_005_DELETE" name="check_responseBody" time="0.003"/>
  <testcase classname="com.RestAssured_Project_TestCases.TC_005_DELETE" name="check_responsetime" time="0.002"/>
  <testcase classname="com.RestAssured_Project_TestCases.TC_005_DELETE" name="check_statusLINE" time="0.001"/>
  <testcase classname="com.RestAssured_Project_TestCases.TC_005_DELETE" name="check_statuscode" time="0.001"/>
</testsuite> <!-- HTTP-METHODS -->
